\BOOKMARK [1][-]{section*.1}{\376\377\000R\000e\000s\000u\000m\000o}{}% 1
\BOOKMARK [1][-]{section*.2}{\376\377\000A\000b\000s\000t\000r\000a\000c\000t}{}% 2
\BOOKMARK [1][-]{section.1}{\376\377\000V\000i\000s\000\343\000o\000\040\000g\000e\000r\000a\000l\000\040\000d\000o\000\040\000p\000r\000o\000j\000e\000t\000o}{}% 3
\BOOKMARK [2][-]{subsection.1.1}{\376\377\000P\000e\000r\000g\000u\000n\000t\000a\000\040\000d\000e\000\040\000p\000e\000s\000q\000u\000i\000s\000a}{section.1}% 4
\BOOKMARK [2][-]{subsection.1.2}{\376\377\000H\000i\000p\000\363\000t\000e\000s\000e\000\040\000d\000e\000\040\000p\000e\000s\000q\000u\000i\000s\000a}{section.1}% 5
\BOOKMARK [2][-]{subsection.1.3}{\376\377\000O\000b\000j\000e\000t\000i\000v\000o\000s}{section.1}% 6
\BOOKMARK [2][-]{subsection.1.4}{\376\377\000C\000o\000n\000t\000r\000i\000b\000u\000i\000\347\000\343\000o\000\040\000d\000o\000\040\000t\000r\000a\000b\000a\000l\000h\000o}{section.1}% 7
\BOOKMARK [2][-]{subsection.1.5}{\376\377\000P\000r\000o\000c\000e\000d\000i\000m\000e\000n\000t\000o\000\040\000m\000e\000t\000o\000d\000o\000l\000\363\000g\000i\000c\000o}{section.1}% 8
\BOOKMARK [1][-]{section.2}{\376\377\000P\000o\000r\000\040\000q\000u\000e\000\040\000E\000s\000t\000a\000t\000\355\000s\000t\000i\000c\000a\000\040\000R\000o\000b\000u\000s\000t\000a\000\040\000e\000n\000t\000r\000a\000\040\000n\000o\000\040\000p\000r\000o\000b\000l\000e\000m\000a\000?}{}% 9
\BOOKMARK [2][-]{subsection.2.1}{\376\377\000O\000\040\000p\000r\000o\000b\000l\000e\000m\000a\000\040\000d\000a\000s\000\040\000c\000a\000u\000d\000a\000s\000\040\000p\000e\000s\000a\000d\000a\000s}{section.2}% 10
\BOOKMARK [2][-]{subsection.2.2}{\376\377\000R\000o\000b\000u\000s\000t\000e\000z}{section.2}% 11
\BOOKMARK [1][-]{section.3}{\376\377\000C\000a\000r\000t\000e\000i\000r\000a\000\040\000d\000e\000\040\000m\000\355\000n\000i\000m\000a\000\040\000v\000a\000r\000i\000\342\000n\000c\000i\000a\000\040\000g\000l\000o\000b\000a\000l}{}% 12
\BOOKMARK [2][-]{subsection.3.1}{\376\377\000R\000e\000t\000o\000r\000n\000o\000s\000\040\000e\000\040\000p\000e\000s\000o\000s}{section.3}% 13
\BOOKMARK [2][-]{subsection.3.2}{\376\377\000P\000r\000o\000b\000l\000e\000m\000a\000\040\000G\000M\000V}{section.3}% 14
\BOOKMARK [1][-]{section.4}{\376\377\000P\000r\000o\000j\000e\000c\000t\000e\000d\000\040\000G\000r\000a\000d\000i\000e\000n\000t\000\040\000D\000e\000s\000c\000e\000n\000t}{}% 15
\BOOKMARK [2][-]{subsection.4.1}{\376\377\000P\000r\000o\000j\000e\000\347\000\343\000o\000\040\000o\000r\000\347\000a\000m\000e\000n\000t\000\341\000r\000i\000a}{section.4}% 16
\BOOKMARK [1][-]{section.5}{\376\377\000A\000\040\000i\000d\000e\000i\000a\000\040\000r\000o\000b\000u\000s\000t\000a\000:\000\040\000e\000s\000t\000i\000m\000a\000r\000\040\000S\000i\000g\000m\000a\000\040\000w\000,\000\040\000n\000a\000o\000\040\000S\000i\000g\000m\000a}{}% 17
\BOOKMARK [1][-]{section.6}{\376\377\000C\000o\000m\000o\000\040\000o\000\040\000p\000r\000o\000j\000e\000t\000o\000\040\000e\000s\000t\000i\000m\000a\000\040\000S\000i\000g\000m\000a\000\040\000w}{}% 18
\BOOKMARK [2][-]{subsection.6.1}{\376\377\000C\000e\000n\000t\000r\000a\000l\000i\000z\000a\000\347\000\343\000o\000\040\000p\000o\000r\000\040\000p\000a\000r\000e\000s}{section.6}% 19
\BOOKMARK [2][-]{subsection.6.2}{\376\377\000B\000l\000o\000c\000o\000s\000\040\000e\000\040\000t\000r\000u\000n\000c\000a\000g\000e\000m}{section.6}% 20
\BOOKMARK [2][-]{subsection.6.3}{\376\377\000A\000g\000r\000e\000g\000a\000\347\000\343\000o\000\040\000H\000L\000Z\000\040\000/\000\040\000s\000p\000e\000c\000t\000r\000a\000l\000\040\000s\000a\000m\000p\000l\000e\000\040\000r\000e\000w\000e\000i\000g\000h\000t\000i\000n\000g}{section.6}% 21
\BOOKMARK [3][-]{subsubsection.6.3.1}{\376\377\000P\000a\000s\000s\000o\000s\000\040\000d\000o\000\040\000a\000l\000g\000o\000r\000i\000t\000m\000o\000\040\000H\000L\000Z\000\040\000u\000s\000a\000d\000o\000\040\000n\000o\000\040\000e\000x\000p\000e\000r\000i\000m\000e\000n\000t\000o}{subsection.6.3}% 22
\BOOKMARK [1][-]{section.7}{\376\377\000B\000e\000n\000c\000h\000m\000a\000r\000k\000s\000\040\000i\000m\000p\000l\000e\000m\000e\000n\000t\000a\000d\000o\000s}{}% 23
\BOOKMARK [2][-]{subsection.7.1}{\376\377\000E\000q\000u\000a\000l\000\040\000W\000e\000i\000g\000h\000t}{section.7}% 24
\BOOKMARK [2][-]{subsection.7.2}{\376\377\000G\000M\000V\000\040\000a\000m\000o\000s\000t\000r\000a\000l}{section.7}% 25
\BOOKMARK [2][-]{subsection.7.3}{\376\377\000G\000M\000V\000\040\000L\000o\000n\000g\000\040\000O\000n\000l\000y}{section.7}% 26
\BOOKMARK [2][-]{subsection.7.4}{\376\377\000L\000i\000n\000e\000a\000r\000\040\000S\000h\000r\000i\000n\000k\000a\000g\000e}{section.7}% 27
\BOOKMARK [2][-]{subsection.7.5}{\376\377\000N\000o\000n\000l\000i\000n\000e\000a\000r\000\040\000S\000h\000r\000i\000n\000k\000a\000g\000e}{section.7}% 28
\BOOKMARK [2][-]{subsection.7.6}{\376\377\000G\000M\000V\000\040\000R\000o\000b\000u\000s\000t}{section.7}% 29
\BOOKMARK [1][-]{section.8}{\376\377\000D\000a\000d\000o\000s\000\040\000b\000r\000a\000s\000i\000l\000e\000i\000r\000o\000s}{}% 30
\BOOKMARK [1][-]{section.9}{\376\377\000B\000a\000c\000k\000t\000e\000s\000t}{}% 31
\BOOKMARK [2][-]{subsection.9.1}{\376\377\000J\000a\000n\000e\000l\000a\000s\000\040\000m\000\363\000v\000e\000i\000s}{section.9}% 32
\BOOKMARK [2][-]{subsection.9.2}{\376\377\000R\000e\000t\000o\000r\000n\000o\000s\000\040\000b\000r\000u\000t\000o\000s\000\040\000e\000\040\000l\000\355\000q\000u\000i\000d\000o\000s}{section.9}% 33
\BOOKMARK [2][-]{subsection.9.3}{\376\377\000T\000u\000r\000n\000o\000v\000e\000r}{section.9}% 34
\BOOKMARK [1][-]{section.10}{\376\377\000M\000\351\000t\000r\000i\000c\000a\000s}{}% 35
\BOOKMARK [2][-]{subsection.10.1}{\376\377\000R\000i\000q\000u\000e\000z\000a\000\040\000a\000c\000u\000m\000u\000l\000a\000d\000a}{section.10}% 36
\BOOKMARK [2][-]{subsection.10.2}{\376\377\000V\000o\000l\000a\000t\000i\000l\000i\000d\000a\000d\000e\000\040\000a\000n\000u\000a\000l\000i\000z\000a\000d\000a}{section.10}% 37
\BOOKMARK [2][-]{subsection.10.3}{\376\377\000S\000h\000a\000r\000p\000e\000\040\000R\000a\000t\000i\000o}{section.10}% 38
\BOOKMARK [2][-]{subsection.10.4}{\376\377\000M\000a\000x\000i\000m\000u\000m\000\040\000D\000r\000a\000w\000d\000o\000w\000n\000\040\000e\000\040\000C\000a\000l\000m\000a\000r}{section.10}% 39
\BOOKMARK [2][-]{subsection.10.5}{\376\377\000E\000s\000t\000a\000t\000\355\000s\000t\000i\000c\000a\000s\000\040\000d\000o\000s\000\040\000p\000e\000s\000o\000s}{section.10}% 40
\BOOKMARK [1][-]{section.11}{\376\377\000T\000e\000s\000t\000e\000s\000\040\000e\000s\000t\000a\000t\000\355\000s\000t\000i\000c\000o\000s}{}% 41
\BOOKMARK [1][-]{section.12}{\376\377\000R\000e\000s\000u\000l\000t\000a\000d\000o\000s\000\040\000e\000m\000p\000\355\000r\000i\000c\000o\000s\000\040\000r\000e\000c\000e\000n\000t\000e\000s}{}% 42
\BOOKMARK [2][-]{subsection.12.1}{\376\377\000J\000a\000n\000e\000l\000a\000\040\000T\000=\0002\0005\0002}{section.12}% 43
\BOOKMARK [3][-]{subsubsection.12.1.1}{\376\377\000G\000r\000\341\000f\000i\000c\000o\000s\000\040\000p\000a\000r\000a\000\040\000T\000=\0002\0005\0002}{subsection.12.1}% 44
\BOOKMARK [2][-]{subsection.12.2}{\376\377\000J\000a\000n\000e\000l\000a\000\040\000T\000=\0005\0000\0000}{section.12}% 45
\BOOKMARK [3][-]{subsubsection.12.2.1}{\376\377\000G\000r\000\341\000f\000i\000c\000o\000s\000\040\000p\000a\000r\000a\000\040\000T\000=\0005\0000\0000}{subsection.12.2}% 46
\BOOKMARK [1][-]{section.13}{\376\377\000C\000o\000n\000c\000l\000u\000s\000\365\000e\000s\000\040\000d\000o\000\040\000e\000x\000p\000e\000r\000i\000m\000e\000n\000t\000o}{}% 47
\BOOKMARK [1][-]{section.14}{\376\377\000V\000a\000l\000i\000d\000a\000\347\000\365\000e\000s\000\040\000m\000e\000t\000o\000d\000o\000l\000\363\000g\000i\000c\000a\000s}{}% 48
\BOOKMARK [2][-]{subsection.14.1}{\376\377\000A\000u\000d\000i\000t\000o\000r\000i\000a\000\040\000H\000L\000Z}{section.14}% 49
\BOOKMARK [2][-]{subsection.14.2}{\376\377\000V\000a\000l\000i\000d\000a\000\347\000\343\000o\000\040\000d\000o\000\040\000n\000o\000n\000l\000i\000n\000e\000a\000r\000\040\000s\000h\000r\000i\000n\000k\000a\000g\000e}{section.14}% 50
\BOOKMARK [1][-]{section.15}{\376\377\000L\000i\000m\000i\000t\000a\000\347\000\365\000e\000s\000\040\000e\000\040\000p\000o\000n\000t\000o\000s\000\040\000d\000e\000\040\000a\000t\000e\000n\000\347\000\343\000o}{}% 51
\BOOKMARK [1][-]{section.16}{\376\377\000C\000o\000n\000c\000l\000u\000s\000\343\000o}{}% 52
